<?xml version="1.0" encoding="UTF-8"?>
<!-- Generated by org.testng.reporters.JUnitReportReporter -->
<testsuite skipped="0" hostname="Sahebstua" name="Learn.Devops.com.Learn.Devops.com.DevopsPrac" tests="2" failures="0" timestamp="02 Feb 2021 17:54:35 GMT" time="64.313" errors="0">
  <testcase name="openbrowser_edge" time="38.879" classname="Learn.Devops.com.Learn.Devops.com.DevopsPrac"/>
  <testcase name="openbrowser_chrome" time="25.434" classname="Learn.Devops.com.Learn.Devops.com.DevopsPrac"/>
</testsuite> <!-- Learn.Devops.com.Learn.Devops.com.DevopsPrac -->
